<?xml version="1.0" encoding="UTF-8"?>
<!-- Generated by org.testng.reporters.JUnitReportReporter -->
<testsuite name="com.stardust.formationSelenium.testcases.TestBugTrapp" tests="3" time="36.382" ignored="0" failures="0" timestamp="14 nov. 2019 08:49:17 GMT" skipped="0" hostname="DESKTOP-KCTVJJK" errors="0">
  <testcase name="loginToBugTrapp" time="3.466" classname="com.stardust.formationSelenium.testcases.TestBugTrapp"/>
  <testcase name="createNewProject" time="13.007" classname="com.stardust.formationSelenium.testcases.TestBugTrapp"/>
  <testcase name="navigation" time="19.909" classname="com.stardust.formationSelenium.testcases.TestBugTrapp"/>
</testsuite> <!-- com.stardust.formationSelenium.testcases.TestBugTrapp -->
