<?xml version="1.0" encoding="UTF-8"?>
<!-- Generated by org.testng.reporters.JUnitReportReporter -->
<testsuite hostname="DESKTOP-KCTVJJK" failures="0" tests="1" name="com.stardust.AppTest" time="0.006" errors="0" timestamp="2019-11-08T17:20:18 CET" skipped="0">
  <testcase classname="com.stardust.AppTest" name="shouldAnswerWithTrue" time="0.006"/>
</testsuite> <!-- com.stardust.AppTest -->
